
**** Build of configuration Debug for project autocorrelation ****

"C:\\ti\\ccsv7\\utils\\bin\\gmake" -k -j 8 all -O 
'Building file: ../Source/code C/main.c'
'Invoking: C6000 Compiler'
"C:/ti/ccsv7/tools/compiler/c6000_7.4.20/bin/cl6x" -mv6700 --abi=coffabi -g --include_path="C:/ti/ccsv7/tools/compiler/c6000_7.4.20/include" --include_path="C:/ti/ccsv7/ccs_base/C6xCSL/include" --include_path="C:/ti/dsk6713/include" --define=c6713 --define=CHIP_6713 --diag_wrap=off --display_error_number --diag_warning=225 --mem_model:data=far --mem_model:const=far --preproc_with_compile --preproc_dependency="Source/code C/main.d" --obj_directory="Source/code C"  "../Source/code C/main.c"
"../Source/code C/main.c", line 32: warning #179-D: variable "t" was declared but never referenced
"../Source/code C/main.c", line 34: warning #552-D: variable "s_ref" was set but never used
'Finished building: ../Source/code C/main.c'
' '
'Building target: autocorrelation.out'
'Invoking: C6000 Linker'
"C:/ti/ccsv7/tools/compiler/c6000_7.4.20/bin/cl6x" -mv6700 --abi=coffabi -g --define=c6713 --define=CHIP_6713 --diag_wrap=off --display_error_number --diag_warning=225 --mem_model:data=far --mem_model:const=far -z -m"autocorrelation.map" --stack_size=0x1000 --heap_size=0x1000 -i"C:/ti/ccsv7/tools/compiler/c6000_7.4.20/lib" -i"C:/ti/ccsv7/tools/compiler/c6000_7.4.20/include" --reread_libs --diag_wrap=off --display_error_number --warn_sections --xml_link_info="autocorrelation_linkInfo.xml" --rom_model -o "autocorrelation.out" "./Source/code C/C6713Helper_UdeS.obj" "./Source/code C/main.obj" "../C6713dsk.cmd"  -llibc.a -l"C:/ti/ccsv7/tools/compiler/c6000_7.4.20/lib/rts6700.lib" -l"C:/ti/ccsv7/ccs_base/C6xCSL/lib_3x/csl6713.lib" -l"C:/ti/dsk6713/lib/dsk6713bsl.lib" 
<Linking>
warning #16002-D: build attribute vendor section TI missing in "C:/ti/ccsv7/ccs_base/C6xCSL/lib_3x/csl6713.lib<csl_irq.obj>": compatibility cannot be determined
warning #16002-D: build attribute vendor section TI missing in "C:/ti/ccsv7/ccs_base/C6xCSL/lib_3x/csl6713.lib<csl_mcbsp.obj>": compatibility cannot be determined
warning #16002-D: build attribute vendor section TI missing in "C:/ti/dsk6713/lib/dsk6713bsl.lib<dsk6713.obj>": compatibility cannot be determined
warning #16002-D: build attribute vendor section TI missing in "C:/ti/dsk6713/lib/dsk6713bsl.lib<dsk6713_aic23_closecodec.obj>": compatibility cannot be determined
warning #16002-D: build attribute vendor section TI missing in "C:/ti/dsk6713/lib/dsk6713bsl.lib<dsk6713_aic23_opencodec.obj>": compatibility cannot be determined
warning #16002-D: build attribute vendor section TI missing in "C:/ti/dsk6713/lib/dsk6713bsl.lib<dsk6713_aic23_registers.obj>": compatibility cannot be determined
warning #16002-D: build attribute vendor section TI missing in "C:/ti/dsk6713/lib/dsk6713bsl.lib<dsk6713_aic23_setfreq.obj>": compatibility cannot be determined
'Finished building target: autocorrelation.out'
' '

**** Build Finished ****
