
**** Build of configuration Debug for project Correlation_Revue1 ****

"C:\\ti\\ccsv7\\utils\\bin\\gmake" -k -j 4 all -O 
'Building file: ../source/c/main.c'
'Invoking: C6000 Compiler'
"C:/ti/ccsv7/tools/compiler/c6000_7.4.20/bin/cl6x" -mv6700 --abi=coffabi -g --include_path="C:/ti/ccsv7/tools/compiler/c6000_7.4.20/include" --include_path="C:/ti/ccsv7/ccs_base/C6xCSL/include" --include_path="C:/ti/dsk6713/include" --define=CHIP_6713 --diag_wrap=off --display_error_number --diag_warning=225 --mem_model:data=far --mem_model:const=far --preproc_with_compile --preproc_dependency="source/c/main.d" --obj_directory="source/c"  "../source/c/main.c"
"..\source\c\correlation.h", line 36: warning #176-D: expression has no effect
"..\source\c\correlation.h", line 41: warning #176-D: expression has no effect
"..\source\c\correlation.h", line 48: warning #176-D: expression has no effect
"..\source\c\correlation.h", line 50: warning #176-D: expression has no effect
"..\source\c\correlation.h", line 55: warning #176-D: expression has no effect
"..\source\c\correlation.h", line 60: warning #176-D: expression has no effect
"..\source\c\correlation.h", line 67: warning #176-D: expression has no effect
'Finished building: ../source/c/main.c'
' '
'Building target: Correlation_Revue1.out'
'Invoking: C6000 Linker'
"C:/ti/ccsv7/tools/compiler/c6000_7.4.20/bin/cl6x" -mv6700 --abi=coffabi -g --define=CHIP_6713 --diag_wrap=off --display_error_number --diag_warning=225 --mem_model:data=far --mem_model:const=far -z -m"Correlation_Revue1.map" --stack_size=0x1000 --heap_size=0x1000 -i"C:/ti/ccsv7/tools/compiler/c6000_7.4.20/lib" -i"C:/ti/ccsv7/tools/compiler/c6000_7.4.20/include" --reread_libs --diag_wrap=off --display_error_number --warn_sections --xml_link_info="Correlation_Revue1_linkInfo.xml" --rom_model -o "Correlation_Revue1.out" "./source/c/main.obj" "../C6713dsk.cmd"  -llibc.a -l"C:/ti/ccsv7/tools/compiler/c6000_7.4.20/lib/rts6700.lib" -l"C:/ti/ccsv7/ccs_base/C6xCSL/lib_3x/csl6713.lib" -l"C:/ti/dsk6713/lib/dsk6713bsl.lib" 
<Linking>
'Finished building target: Correlation_Revue1.out'
' '

**** Build Finished ****
